Date/Time:       2025-09-16 09:27:35 
Command line:    C:\Users\stels\Desktop\SERVERoffAPP\venv\Scripts\briefcase new

OS Release:      Windows 10
OS Version:      10.0.19045
Architecture:    AMD64
Platform:        Windows-10-10.0.19045-SP0

Python exe:      C:\Users\stels\Desktop\SERVERoffAPP\venv\Scripts\python.exe
Python version:  3.13.7 (tags/v3.13.7:bcee1c3, Aug 14 2025, 14:15:11) [MSC v.1944 64 bit (AMD64)]
Virtual env:     True
Conda env:       False

Briefcase:       0.3.25
Target platform: all
Target format:   

Environment Variables:
	ALLUSERSPROFILE=C:\ProgramData
	APPDATA=C:\Users\stels\AppData\Roaming
	BUNDLED_DEBUGPY_PATH=c:\Users\stels\.vscode\extensions\ms-python.debugpy-2025.10.0-win32-x64\bundled\libs\debugpy
	CHROME_CRASHPAD_PIPE_NAME=\\.\pipe\crashpad_10728_OTKEPRSYDOFOUTRU
	COLORTERM=truecolor
	COMMONPROGRAMFILES=C:\Program Files\Common Files
	COMMONPROGRAMFILES(X86)=C:\Program Files (x86)\Common Files
	COMMONPROGRAMW6432=C:\Program Files\Common Files
	COMPUTERNAME=STELS
	COMSPEC=C:\WINDOWS\system32\cmd.exe
	DRIVERDATA=C:\Windows\System32\Drivers\DriverData
	HOMEDRIVE=C:
	HOMEPATH=\Users\stels
	LANG=en_US.UTF-8
	LOCALAPPDATA=C:\Users\stels\AppData\Local
	LOGONSERVER=\\STELS
	NUMBER_OF_PROCESSORS=4
	ONEDRIVE=C:\Users\stels\OneDrive
	ORIGINAL_XDG_CURRENT_DESKTOP=undefined
	OS=Windows_NT
	PATH=C:\Users\stels\Desktop\SERVERoffAPP\venv\Scripts;C:\WINDOWS\system32;C:\WINDOWS;C:\WINDOWS\System32\Wbem;C:\WINDOWS\System32\WindowsPowerShell\v1.0\;C:\Program Files\dotnet\;C:\WINDOWS\System32\OpenSSH\;C:\Program Files\Microsoft SQL Server\150\Tools\Binn\;C:\Program Files\Microsoft SQL Server\Client SDK\ODBC\170\Tools\Binn\;C:\Program Files (x86)\Microsoft SQL Server\160\Tools\Binn\;C:\Program Files\Microsoft SQL Server\160\Tools\Binn\;C:\Program Files\Microsoft SQL Server\160\DTS\Binn\;C:\Users\stels\AppData\Local\Programs\Python\Python313\Scripts\;C:\Users\stels\AppData\Local\Programs\Python\Python313\;C:\Users\stels\AppData\Local\Programs\Python\Launcher\;C:\Users\stels\.dotnet\tools;C:\Users\stels\AppData\Local\Microsoft\WindowsApps;C:\Users\stels\AppData\Local\Programs\Microsoft VS Code\bin;c:\Users\stels\.vscode\extensions\ms-python.debugpy-2025.10.0-win32-x64\bundled\scripts\noConfigScripts
	PATHEXT=.COM;.EXE;.BAT;.CMD;.VBS;.VBE;.JS;.JSE;.WSF;.WSH;.MSC;.CPL
	PROCESSOR_ARCHITECTURE=AMD64
	PROCESSOR_IDENTIFIER=Intel64 Family 6 Model 42 Stepping 7, GenuineIntel
	PROCESSOR_LEVEL=6
	PROCESSOR_REVISION=2a07
	PROGRAMDATA=C:\ProgramData
	PROGRAMFILES=C:\Program Files
	PROGRAMFILES(X86)=C:\Program Files (x86)
	PROGRAMW6432=C:\Program Files
	PSMODULEPATH=C:\Users\stels\Documents\WindowsPowerShell\Modules;C:\Program Files\WindowsPowerShell\Modules;C:\WINDOWS\system32\WindowsPowerShell\v1.0\Modules;C:\Program Files (x86)\Microsoft SQL Server\160\Tools\PowerShell\Modules\
	PUBLIC=C:\Users\Public
	PYDEVD_DISABLE_FILE_VALIDATION=1
	PYTHONSTARTUP=c:\Users\stels\AppData\Roaming\Code\User\workspaceStorage\b9e7bbe8abc96dbb78c45931fd2479ee\ms-python.python\pythonrc.py
	PYTHON_BASIC_REPL=1
	SESSIONNAME=Console
	SYSTEMDRIVE=C:
	SYSTEMROOT=C:\WINDOWS
	TEMP=C:\Users\stels\AppData\Local\Temp
	TERM_PROGRAM=vscode
	TERM_PROGRAM_VERSION=1.104.0
	TMP=C:\Users\stels\AppData\Local\Temp
	USERDOMAIN=STELS
	USERDOMAIN_ROAMINGPROFILE=STELS
	USERNAME=stels
	USERPROFILE=C:\Users\stels
	VIRTUAL_ENV=C:\Users\stels\Desktop\SERVERoffAPP\venv
	VIRTUAL_ENV_PROMPT=venv
	VSCODE_DEBUGPY_ADAPTER_ENDPOINTS=c:\Users\stels\.vscode\extensions\ms-python.debugpy-2025.10.0-win32-x64\.noConfigDebugAdapterEndpoints\endpoint-b07e6cbe1f974f92.txt
	VSCODE_INJECTION=1
	VSCODE_PYTHON_AUTOACTIVATE_GUARD=1
	WINDIR=C:\WINDOWS
	_OLD_VIRTUAL_PATH=C:\WINDOWS\system32;C:\WINDOWS;C:\WINDOWS\System32\Wbem;C:\WINDOWS\System32\WindowsPowerShell\v1.0\;C:\Program Files\dotnet\;C:\WINDOWS\System32\OpenSSH\;C:\Program Files\Microsoft SQL Server\150\Tools\Binn\;C:\Program Files\Microsoft SQL Server\Client SDK\ODBC\170\Tools\Binn\;C:\Program Files (x86)\Microsoft SQL Server\160\Tools\Binn\;C:\Program Files\Microsoft SQL Server\160\Tools\Binn\;C:\Program Files\Microsoft SQL Server\160\DTS\Binn\;C:\Users\stels\AppData\Local\Programs\Python\Python313\Scripts\;C:\Users\stels\AppData\Local\Programs\Python\Python313\;C:\Users\stels\AppData\Local\Programs\Python\Launcher\;C:\Users\stels\.dotnet\tools;C:\Users\stels\AppData\Local\Microsoft\WindowsApps;C:\Users\stels\AppData\Local\Programs\Microsoft VS Code\bin;c:\Users\stels\.vscode\extensions\ms-python.debugpy-2025.10.0-win32-x64\bundled\scripts\noConfigScripts

pyproject.toml:
[Errno 2] No such file or directory: 'C:\\Users\\stels\\Desktop\\SERVERoffAPP\\pyproject.toml'

Briefcase Log:
[09:27:34]                                                                                                                                                            __main__.py:42
           Briefcase requires git, but it is not installed (or is not on your PATH). Visit:                                                                           __main__.py:43
                                                                                                                                                                      __main__.py:43
               https://git-scm.com/                                                                                                                                   __main__.py:43
                                                                                                                                                                      __main__.py:43
           to download and install git manually.                                                                                                                      __main__.py:43
                                                                                                                                                                      __main__.py:43
           If you have installed git recently and are still getting this error, you may                                                                               __main__.py:43
           need to restart your terminal session.                                                                                                                     __main__.py:43
           Saving log... started                                                                                                                                      console.py:438

Main thread traceback:
╭─────────────────────────────────────────────────────────────────────── Traceback (most recent call last) ────────────────────────────────────────────────────────────────────────╮
│ C:\Users\stels\Desktop\SERVERoffAPP\venv\Lib\site-packages\git\__init__.py:296 in <module>                                                                                       │
│                                                                                                                                                                                  │
│   293                                                                                                                                                                            │
│   294                                                                                                                                                                            │
│   295 try:                                                                                                                                                                       │
│ ❱ 296 │   refresh()                                                                                                                                                              │
│   297 except Exception as _exc:                                                                                                                                                  │
│   298 │   raise ImportError("Failed to initialize: {0}".format(_exc)) from _exc                                                                                                  │
│   299                                                                                                                                                                            │
│                                                                                                                                                                                  │
│ ╭────────────────────────────────────────────────────────────────── locals ──────────────────────────────────────────────────────────────────╮                                   │
│ │           cmd = <module 'git.cmd' from 'C:\\Users\\stels\\Desktop\\SERVERoffAPP\\venv\\Lib\\site-packages\\git\\cmd.py'>                   │                                   │
│ │        compat = <module 'git.compat' from 'C:\\Users\\stels\\Desktop\\SERVERoffAPP\\venv\\Lib\\site-packages\\git\\compat.py'>             │                                   │
│ │        config = <module 'git.config' from 'C:\\Users\\stels\\Desktop\\SERVERoffAPP\\venv\\Lib\\site-packages\\git\\config.py'>             │                                   │
│ │            db = <module 'git.db' from 'C:\\Users\\stels\\Desktop\\SERVERoffAPP\\venv\\Lib\\site-packages\\git\\db.py'>                     │                                   │
│ │          diff = <module 'git.diff' from 'C:\\Users\\stels\\Desktop\\SERVERoffAPP\\venv\\Lib\\site-packages\\git\\diff.py'>                 │                                   │
│ │           exc = <module 'git.exc' from 'C:\\Users\\stels\\Desktop\\SERVERoffAPP\\venv\\Lib\\site-packages\\git\\exc.py'>                   │                                   │
│ │        GIT_OK = False                                                                                                                      │                                   │
│ │         INDEX = <DiffConstants.INDEX: 2>                                                                                                   │                                   │
│ │         index = <module 'git.index' from 'C:\\Users\\stels\\Desktop\\SERVERoffAPP\\venv\\Lib\\site-packages\\git\\index\\__init__.py'>     │                                   │
│ │          List = typing.List                                                                                                                │                                   │
│ │     NULL_TREE = <DiffConstants.NULL_TREE: 1>                                                                                               │                                   │
│ │       objects = <module 'git.objects' from 'C:\\Users\\stels\\Desktop\\SERVERoffAPP\\venv\\Lib\\site-packages\\git\\objects\\__init__.py'> │                                   │
│ │      Optional = typing.Optional                                                                                                            │                                   │
│ │      PathLike = typing.Union[str, ForwardRef('os.PathLike[str]')]                                                                          │                                   │
│ │          refs = <module 'git.refs' from 'C:\\Users\\stels\\Desktop\\SERVERoffAPP\\venv\\Lib\\site-packages\\git\\refs\\__init__.py'>       │                                   │
│ │        remote = <module 'git.remote' from 'C:\\Users\\stels\\Desktop\\SERVERoffAPP\\venv\\Lib\\site-packages\\git\\remote.py'>             │                                   │
│ │          repo = <module 'git.repo' from 'C:\\Users\\stels\\Desktop\\SERVERoffAPP\\venv\\Lib\\site-packages\\git\\repo\\__init__.py'>       │                                   │
│ │      Sequence = typing.Sequence                                                                                                            │                                   │
│ │         Tuple = typing.Tuple                                                                                                               │                                   │
│ │ TYPE_CHECKING = False                                                                                                                      │                                   │
│ │         types = <module 'git.types' from 'C:\\Users\\stels\\Desktop\\SERVERoffAPP\\venv\\Lib\\site-packages\\git\\types.py'>               │                                   │
│ │         Union = typing.Union                                                                                                               │                                   │
│ │      warnings = <module 'warnings' from 'C:\\Users\\stels\\AppData\\Local\\Programs\\Python\\Python313\\Lib\\warnings.py'>                 │                                   │
│ ╰────────────────────────────────────────────────────────────────────────────────────────────────────────────────────────────────────────────╯                                   │
│                                                                                                                                                                                  │
│ C:\Users\stels\Desktop\SERVERoffAPP\venv\Lib\site-packages\git\__init__.py:287 in refresh                                                                                        │
│                                                                                                                                                                                  │
│   284 │   global GIT_OK                                                                        ╭── locals ───╮                                                                   │
│   285 │   GIT_OK = False                                                                       │ path = None │                                                                   │
│   286 │                                                                                        ╰─────────────╯                                                                   │
│ ❱ 287 │   if not Git.refresh(path=path):                                                                                                                                         │
│   288 │   │   return                                                                                                                                                             │
│   289 │   if not FetchInfo.refresh():  # noqa: F405                                                                                                                              │
│   290 │   │   return  # type: ignore[unreachable]                                                                                                                                │
│                                                                                                                                                                                  │
│ C:\Users\stels\Desktop\SERVERoffAPP\venv\Lib\site-packages\git\cmd.py:860 in refresh                                                                                             │
│                                                                                                                                                                                  │
│    857 │   │   │   │   │   if mode in warn:                                                                                                                                      │
│    858 │   │   │   │   │   │   _logger.critical(err)                                                                                                                             │
│    859 │   │   │   │   │   else:                                                                                                                                                 │
│ ❱  860 │   │   │   │   │   │   raise ImportError(err)                                                                                                                            │
│    861 │   │   │   │   else:                                                                                                                                                     │
│    862 │   │   │   │   │   err = dedent(                                                                                                                                         │
│    863 │   │   │   │   │   │   """\                                                                                                                                              │
│                                                                                                                                                                                  │
│ ╭────────────────────────────────────────────────── locals ───────────────────────────────────────────────────╮                                                                  │
│ │               err = 'Bad git executable.\nThe git executable must be specified in one of the following'+633 │                                                                  │
│ │             error = ['error', 'e', 'exception', 'raise', 'r', '2']                                          │                                                                  │
│ │           has_git = False                                                                                   │                                                                  │
│ │              mode = 'raise'                                                                                 │                                                                  │
│ │           new_git = 'git'                                                                                   │                                                                  │
│ │           old_git = None                                                                                    │                                                                  │
│ │ old_refresh_token = <object object at 0x000002B9C3D71C70>                                                   │                                                                  │
│ │              path = None                                                                                    │                                                                  │
│ │             quiet = ['quiet', 'q', 'silence', 's', 'silent', 'none', 'n', '0']                              │                                                                  │
│ │              warn = ['warn', 'w', 'warning', 'log', 'l', '1']                                               │                                                                  │
│ ╰─────────────────────────────────────────────────────────────────────────────────────────────────────────────╯                                                                  │
╰──────────────────────────────────────────────────────────────────────────────────────────────────────────────────────────────────────────────────────────────────────────────────╯
ImportError: Bad git executable.
The git executable must be specified in one of the following ways:
    - be included in your $PATH
    - be set via $GIT_PYTHON_GIT_EXECUTABLE
    - explicitly set via git.refresh(<full-path-to-git-executable>)

All git commands will error until this is rectified.

This initial message can be silenced or aggravated in the future by setting the
$GIT_PYTHON_REFRESH environment variable. Use one of the following values:
    - quiet|q|silence|s|silent|none|n|0: for no message or exception
    - warn|w|warning|log|l|1: for a warning message (logging level CRITICAL, displayed by default)
    - error|e|exception|raise|r|2: for a raised exception

Example:
    export GIT_PYTHON_REFRESH=quiet


The above exception was the direct cause of the following exception:

╭─────────────────────────────────────────────────────────────────────── Traceback (most recent call last) ────────────────────────────────────────────────────────────────────────╮
│ C:\Users\stels\Desktop\SERVERoffAPP\venv\Lib\site-packages\briefcase\integrations\git.py:40 in verify_install                                                                    │
│                                                                                                                                                                                  │
│   37 │   │                                                                                    ╭─────────────────────────────────── locals ────────────────────────────────────╮  │
│   38 │   │   # Check whether the git executable could be imported.                            │ kwargs = {'app': None}                                                        │  │
│   39 │   │   try:                                                                             │  tools = <briefcase.integrations.base.ToolCache object at 0x000002B9C7A98EC0> │  │
│ ❱ 40 │   │   │   import git                                                                   ╰───────────────────────────────────────────────────────────────────────────────╯  │
│   41 │   │   except ImportError as e:  # pragma: no cover                                                                                                                        │
│   42 │   │   │   # macOS provides git as part of the Xcode command line tools,                                                                                                   │
│   43 │   │   │   # and also hijacks /usr/bin/git with a trigger that prompts the                                                                                                 │
│                                                                                                                                                                                  │
│ C:\Users\stels\Desktop\SERVERoffAPP\venv\Lib\site-packages\git\__init__.py:298 in <module>                                                                                       │
│                                                                                                                                                                                  │
│   295 try:                                                                                                                                                                       │
│   296 │   refresh()                                                                                                                                                              │
│   297 except Exception as _exc:                                                                                                                                                  │
│ ❱ 298 │   raise ImportError("Failed to initialize: {0}".format(_exc)) from _exc                                                                                                  │
│   299                                                                                                                                                                            │
│   300 # } END initialize git executable path                                                                                                                                     │
│   301                                                                                                                                                                            │
│                                                                                                                                                                                  │
│ ╭────────────────────────────────────────────────────────────────── locals ──────────────────────────────────────────────────────────────────╮                                   │
│ │           cmd = <module 'git.cmd' from 'C:\\Users\\stels\\Desktop\\SERVERoffAPP\\venv\\Lib\\site-packages\\git\\cmd.py'>                   │                                   │
│ │        compat = <module 'git.compat' from 'C:\\Users\\stels\\Desktop\\SERVERoffAPP\\venv\\Lib\\site-packages\\git\\compat.py'>             │                                   │
│ │        config = <module 'git.config' from 'C:\\Users\\stels\\Desktop\\SERVERoffAPP\\venv\\Lib\\site-packages\\git\\config.py'>             │                                   │
│ │            db = <module 'git.db' from 'C:\\Users\\stels\\Desktop\\SERVERoffAPP\\venv\\Lib\\site-packages\\git\\db.py'>                     │                                   │
│ │          diff = <module 'git.diff' from 'C:\\Users\\stels\\Desktop\\SERVERoffAPP\\venv\\Lib\\site-packages\\git\\diff.py'>                 │                                   │
│ │           exc = <module 'git.exc' from 'C:\\Users\\stels\\Desktop\\SERVERoffAPP\\venv\\Lib\\site-packages\\git\\exc.py'>                   │                                   │
│ │        GIT_OK = False                                                                                                                      │                                   │
│ │         INDEX = <DiffConstants.INDEX: 2>                                                                                                   │                                   │
│ │         index = <module 'git.index' from 'C:\\Users\\stels\\Desktop\\SERVERoffAPP\\venv\\Lib\\site-packages\\git\\index\\__init__.py'>     │                                   │
│ │          List = typing.List                                                                                                                │                                   │
│ │     NULL_TREE = <DiffConstants.NULL_TREE: 1>                                                                                               │                                   │
│ │       objects = <module 'git.objects' from 'C:\\Users\\stels\\Desktop\\SERVERoffAPP\\venv\\Lib\\site-packages\\git\\objects\\__init__.py'> │                                   │
│ │      Optional = typing.Optional                                                                                                            │                                   │
│ │      PathLike = typing.Union[str, ForwardRef('os.PathLike[str]')]                                                                          │                                   │
│ │          refs = <module 'git.refs' from 'C:\\Users\\stels\\Desktop\\SERVERoffAPP\\venv\\Lib\\site-packages\\git\\refs\\__init__.py'>       │                                   │
│ │        remote = <module 'git.remote' from 'C:\\Users\\stels\\Desktop\\SERVERoffAPP\\venv\\Lib\\site-packages\\git\\remote.py'>             │                                   │
│ │          repo = <module 'git.repo' from 'C:\\Users\\stels\\Desktop\\SERVERoffAPP\\venv\\Lib\\site-packages\\git\\repo\\__init__.py'>       │                                   │
│ │      Sequence = typing.Sequence                                                                                                            │                                   │
│ │         Tuple = typing.Tuple                                                                                                               │                                   │
│ │ TYPE_CHECKING = False                                                                                                                      │                                   │
│ │         types = <module 'git.types' from 'C:\\Users\\stels\\Desktop\\SERVERoffAPP\\venv\\Lib\\site-packages\\git\\types.py'>               │                                   │
│ │         Union = typing.Union                                                                                                               │                                   │
│ │      warnings = <module 'warnings' from 'C:\\Users\\stels\\AppData\\Local\\Programs\\Python\\Python313\\Lib\\warnings.py'>                 │                                   │
│ ╰────────────────────────────────────────────────────────────────────────────────────────────────────────────────────────────────────────────╯                                   │
╰──────────────────────────────────────────────────────────────────────────────────────────────────────────────────────────────────────────────────────────────────────────────────╯
ImportError: Failed to initialize: Bad git executable.
The git executable must be specified in one of the following ways:
    - be included in your $PATH
    - be set via $GIT_PYTHON_GIT_EXECUTABLE
    - explicitly set via git.refresh(<full-path-to-git-executable>)

All git commands will error until this is rectified.

This initial message can be silenced or aggravated in the future by setting the
$GIT_PYTHON_REFRESH environment variable. Use one of the following values:
    - quiet|q|silence|s|silent|none|n|0: for no message or exception
    - warn|w|warning|log|l|1: for a warning message (logging level CRITICAL, displayed by default)
    - error|e|exception|raise|r|2: for a raised exception

Example:
    export GIT_PYTHON_REFRESH=quiet


The above exception was the direct cause of the following exception:

╭─────────────────────────────────────────────────────────────────────── Traceback (most recent call last) ────────────────────────────────────────────────────────────────────────╮
│ C:\Users\stels\Desktop\SERVERoffAPP\venv\Lib\site-packages\briefcase\__main__.py:27 in main                                                                                      │
│                                                                                                                                                                                  │
│   24 │   │   │   Path.cwd() / "pyproject.toml",                                                                                                                                  │
│   25 │   │   │   overrides=overrides,                                                                                                                                            │
│   26 │   │   )                                                                                                                                                                   │
│ ❱ 27 │   │   command(**options)                                                                                                                                                  │
│   28 │   except HelpText as e:                                                                                                                                                   │
│   29 │   │   console.info()                                                                                                                                                      │
│   30 │   │   console.info(str(e))                                                                                                                                                │
│                                                                                                                                                                                  │
│ ╭─────────────────────────────────────────────────────────────────────────────────── locals ───────────────────────────────────────────────────────────────────────────────────╮ │
│ │       command = <briefcase.commands.new.NewCommand object at 0x000002B9C7A98590>                                                                                             │ │
│ │       console = <briefcase.console.Console object at 0x000002B9C46570E0>                                                                                                     │ │
│ │             e = BriefcaseCommandError('Briefcase requires git, but it is not installed (or is not on your PATH). Visit:\n\n    https://git-scm.com/\n\nto download and       │ │
│ │                 install git manually.\n\nIf you have installed git recently and are still getting this error, you may\nneed to restart your terminal session.\n')            │ │
│ │ extra_cmdline = []                                                                                                                                                           │ │
│ │       options = {'template': None, 'template_branch': None, 'project_overrides': None}                                                                                       │ │
│ │     overrides = {}                                                                                                                                                           │ │
│ │        result = 200                                                                                                                                                          │ │
│ ╰──────────────────────────────────────────────────────────────────────────────────────────────────────────────────────────────────────────────────────────────────────────────╯ │
│                                                                                                                                                                                  │
│ C:\Users\stels\Desktop\SERVERoffAPP\venv\Lib\site-packages\briefcase\commands\new.py:606 in __call__                                                                             │
│                                                                                                                                                                                  │
│   603 │   ):                                                                                                                                                                     │
│   604 │   │   # Confirm host compatibility, and that all required tools are available.                                                                                           │
│   605 │   │   # There are no apps, so finalize() will be a no op on app configurations.                                                                                          │
│ ❱ 606 │   │   self.finalize()                                                                                                                                                    │
│   607 │   │                                                                                                                                                                      │
│   608 │   │   return self.new_app(                                                                                                                                               │
│   609 │   │   │   template=template,                                                                                                                                             │
│                                                                                                                                                                                  │
│ ╭─────────────────────────────────────── locals ───────────────────────────────────────╮                                                                                         │
│ │           options = {}                                                               │                                                                                         │
│ │ project_overrides = None                                                             │                                                                                         │
│ │              self = <briefcase.commands.new.NewCommand object at 0x000002B9C7A98590> │                                                                                         │
│ │          template = None                                                             │                                                                                         │
│ │   template_branch = None                                                             │                                                                                         │
│ ╰──────────────────────────────────────────────────────────────────────────────────────╯                                                                                         │
│                                                                                                                                                                                  │
│ C:\Users\stels\Desktop\SERVERoffAPP\venv\Lib\site-packages\briefcase\commands\base.py:701 in finalize                                                                            │
│                                                                                                                                                                                  │
│    698 │   │   │   to finalize. By default, all apps will be finalized.                         ╭─────────────────────────────────── locals ───────────────────────────────────╮ │
│    699 │   │   """                                                                              │       app = None                                                             │ │
│    700 │   │   self.verify_host()                                                               │      self = <briefcase.commands.new.NewCommand object at 0x000002B9C7A98590> │ │
│ ❱  701 │   │   self.verify_tools()                                                              │ test_mode = False                                                            │ │
│    702 │   │                                                                                    ╰──────────────────────────────────────────────────────────────────────────────╯ │
│    703 │   │   apps = self.apps.values() if app is None else [app]                                                                                                               │
│    704 │   │   for app in apps:                                                                                                                                                  │
│                                                                                                                                                                                  │
│ C:\Users\stels\Desktop\SERVERoffAPP\venv\Lib\site-packages\briefcase\commands\new.py:595 in verify_tools                                                                         │
│                                                                                                                                                                                  │
│   592 │   │   Raises MissingToolException if a required system tool is missing.                ╭──────────────────────────────── locals ─────────────────────────────────╮       │
│   593 │   │   """                                                                              │ self = <briefcase.commands.new.NewCommand object at 0x000002B9C7A98590> │       │
│   594 │   │   super().verify_tools()                                                           ╰─────────────────────────────────────────────────────────────────────────╯       │
│ ❱ 595 │   │   Git.verify(tools=self.tools)                                                                                                                                       │
│   596 │                                                                                                                                                                          │
│   597 │   def __call__(                                                                                                                                                          │
│   598 │   │   self,                                                                                                                                                              │
│                                                                                                                                                                                  │
│ C:\Users\stels\Desktop\SERVERoffAPP\venv\Lib\site-packages\briefcase\integrations\base.py:78 in verify                                                                           │
│                                                                                                                                                                                  │
│    75 │   ) -> ToolT:                                                                          ╭─────────────────────────────────── locals ────────────────────────────────────╮ │
│    76 │   │   """Confirm the tool is available and usable on the host platform."""             │    app = None                                                                 │ │
│    77 │   │   cls.verify_host(tools=tools)                                                     │ kwargs = {}                                                                   │ │
│ ❱  78 │   │   tool = cls.verify_install(tools=tools, app=app, **kwargs)                        │  tools = <briefcase.integrations.base.ToolCache object at 0x000002B9C7A98EC0> │ │
│    79 │   │   return tool                                                                      ╰───────────────────────────────────────────────────────────────────────────────╯ │
│    80 │                                                                                                                                                                          │
│    81 │   @classmethod                                                                                                                                                           │
│                                                                                                                                                                                  │
│ C:\Users\stels\Desktop\SERVERoffAPP\venv\Lib\site-packages\briefcase\integrations\git.py:65 in verify_install                                                                    │
│                                                                                                                                                                                  │
│   62 │   │   │   │   ) from e                                                                 ╭─────────────────────────────────── locals ────────────────────────────────────╮  │
│   63 │   │   │                                                                                │ kwargs = {'app': None}                                                        │  │
│   64 │   │   │   else:                                                                        │  tools = <briefcase.integrations.base.ToolCache object at 0x000002B9C7A98EC0> │  │
│ ❱ 65 │   │   │   │   raise BriefcaseCommandError(                                             ╰───────────────────────────────────────────────────────────────────────────────╯  │
│   66 │   │   │   │   │   f"""\                                                                                                                                                   │
│   67 Briefcase requires git, but it is not installed (or is not on your PATH). Visit:                                                                                            │
│   68                                                                                                                                                                             │
╰──────────────────────────────────────────────────────────────────────────────────────────────────────────────────────────────────────────────────────────────────────────────────╯
BriefcaseCommandError: Briefcase requires git, but it is not installed (or is not on your PATH). Visit:

    https://git-scm.com/

to download and install git manually.

If you have installed git recently and are still getting this error, you may
need to restart your terminal session.

